<?xml version="1.0" encoding="UTF-8"?>
<testsuite xmlns:xsi="http://www.w3.org/2001/XMLSchema-instance" xsi:noNamespaceSchemaLocation="https://maven.apache.org/surefire/maven-surefire-plugin/xsd/surefire-test-report.xsd" name="com.tqs.geocoding.AddressResolverTest" time="0.424" tests="2" errors="0" skipped="0" failures="0">
  <properties>
[...]
</properties>
  <testcase name="whenBadCoordidates_thenReturnNoValidAddress" classname="com.tqs.geocoding.AddressResolverTest" time="0.41"/>
  <testcase name="whenResolveAlboiGps_returnCaisAlboiAddress" classname="com.tqs.geocoding.AddressResolverTest" time="0.004"/>
</testsuite>